# Logfile created on Tue Mar 30 13:48:18 -0400 2010  [4;36;1mSQL (2.0ms)[0m   [0;1m SELECT name
 FROM sqlite_master
 WHERE type = 'table' AND NOT name = 'sqlite_sequence'
[0m
  [4;35;1mSQL (0.0ms)[0m   [0mselect sqlite_version(*)[0m
  [4;36;1mSQL (33.0ms)[0m   [0;1mCREATE TABLE "schema_migrations" ("version" varchar(255) NOT NULL) [0m
  [4;35;1mSQL (44.0ms)[0m   [0mCREATE UNIQUE INDEX "unique_schema_migrations" ON "schema_migrations" ("version")[0m
  [4;36;1mSQL (3.0ms)[0m   [0;1m SELECT name
 FROM sqlite_master
 WHERE type = 'table' AND NOT name = 'sqlite_sequence'
[0m
  [4;35;1mSQL (3.0ms)[0m   [0mSELECT version FROM schema_migrations[0m
Migrating to CreateWeeks (20100121205136)
  [4;36;1mSQL (0.0ms)[0m   [0;1mSQLite3::SQLException: table "weeks" already exists: CREATE TABLE "weeks" ("id" INTEGER PRIMARY KEY AUTOINCREMENT NOT NULL, "woy" integer, "year" integer, "start_date" date, "init" boolean, "created_at" datetime, "updated_at" datetime) [0m
  [4;36;1mSQL (3.0ms)[0m   [0;1m SELECT name
 FROM sqlite_master
 WHERE type = 'table' AND NOT name = 'sqlite_sequence'
[0m
  [4;35;1mSQL (0.0ms)[0m   [0mselect sqlite_version(*)[0m
  [4;36;1mSQL (230.0ms)[0m   [0;1mCREATE TABLE "schema_migrations" ("version" varchar(255) NOT NULL) [0m
  [4;35;1mSQL (163.0ms)[0m   [0mCREATE UNIQUE INDEX "unique_schema_migrations" ON "schema_migrations" ("version")[0m
  [4;36;1mSQL (1.0ms)[0m   [0;1m SELECT name
 FROM sqlite_master
 WHERE type = 'table' AND NOT name = 'sqlite_sequence'
[0m
  [4;35;1mSQL (1.0ms)[0m   [0mSELECT version FROM schema_migrations[0m
Migrating to CreateWeeks (20100121205136)
  [4;36;1mSQL (3.0ms)[0m   [0;1mCREATE TABLE "weeks" ("id" INTEGER PRIMARY KEY AUTOINCREMENT NOT NULL, "woy" integer, "year" integer, "start_date" date, "init" boolean, "created_at" datetime, "updated_at" datetime) [0m
  [4;35;1mSQL (5.0ms)[0m   [0mINSERT INTO schema_migrations (version) VALUES ('20100121205136')[0m
Migrating to CreateDays (20100121205349)
  [4;36;1mSQL (14.0ms)[0m   [0;1mCREATE TABLE "days" ("id" INTEGER PRIMARY KEY AUTOINCREMENT NOT NULL, "date" date, "name" varchar(255), "week_id" integer, "created_at" datetime, "updated_at" datetime) [0m
  [4;35;1mSQL (1.0ms)[0m   [0mINSERT INTO schema_migrations (version) VALUES ('20100121205349')[0m
Migrating to CreateSlots (20100121205423)
  [4;36;1mSQL (7.0ms)[0m   [0;1mCREATE TABLE "slots" ("id" INTEGER PRIMARY KEY AUTOINCREMENT NOT NULL, "day_id" integer, "start_time" integer, "user_id" integer, "spot" varchar(255), "created_at" datetime, "updated_at" datetime) [0m
  [4;35;1mSQL (2.0ms)[0m   [0mINSERT INTO schema_migrations (version) VALUES ('20100121205423')[0m
Migrating to CreateUsers (20100121214501)
  [4;36;1mSQL (2.0ms)[0m   [0;1m SELECT name
 FROM sqlite_master
 WHERE type = 'table' AND NOT name = 'sqlite_sequence'
[0m
  [4;35;1mSQL (4.0ms)[0m   [0mCREATE TABLE "users" ("id" INTEGER PRIMARY KEY AUTOINCREMENT NOT NULL, "login" varchar(255), "email" varchar(255), "crypted_password" varchar(40), "salt" varchar(40), "created_at" datetime, "updated_at" datetime, "remember_token" varchar(255), "remember_token_expires_at" datetime) [0m
  [4;36;1mSQL (1.0ms)[0m   [0;1mINSERT INTO schema_migrations (version) VALUES ('20100121214501')[0m
Migrating to AddInitializedToWeek (20100216172358)
  [4;35;1mSQL (3.0ms)[0m   [0mINSERT INTO schema_migrations (version) VALUES ('20100216172358')[0m
Migrating to AddEditedToDays (20100315183557)
  [4;36;1mSQL (4.0ms)[0m   [0;1mALTER TABLE "days" ADD "being_edited" datetime[0m
  [4;35;1mSQL (2.0ms)[0m   [0mINSERT INTO schema_migrations (version) VALUES ('20100315183557')[0m
Migrating to CreateWtemplates (20100317185023)
  [4;36;1mSQL (5.0ms)[0m   [0;1mCREATE TABLE "wtemplates" ("id" INTEGER PRIMARY KEY AUTOINCREMENT NOT NULL, "name" varchar(255), "created_at" datetime, "updated_at" datetime, "sat" integer, "sun" integer, "mon" integer, "tue" integer, "wed" integer, "thu" integer, "fri" integer) [0m
  [4;35;1mSQL (2.0ms)[0m   [0mINSERT INTO schema_migrations (version) VALUES ('20100317185023')[0m
Migrating to CreateDtemplates (20100317185035)
  [4;36;1mSQL (4.0ms)[0m   [0;1mCREATE TABLE "dtemplates" ("id" INTEGER PRIMARY KEY AUTOINCREMENT NOT NULL, "name" varchar(255), "created_at" datetime, "updated_at" datetime) [0m
  [4;35;1mSQL (1.0ms)[0m   [0mINSERT INTO schema_migrations (version) VALUES ('20100317185035')[0m
Migrating to CreateStemplates (20100317191442)
  [4;36;1mSQL (16.0ms)[0m   [0;1mCREATE TABLE "stemplates" ("id" INTEGER PRIMARY KEY AUTOINCREMENT NOT NULL, "dtemplate_id" integer, "start_time" integer, "user_id" integer, "spot" varchar(255), "created_at" datetime, "updated_at" datetime) [0m
  [4;35;1mSQL (0.0ms)[0m   [0mINSERT INTO schema_migrations (version) VALUES ('20100317191442')[0m
  [4;36;1mSQL (1.0ms)[0m   [0;1m SELECT name
 FROM sqlite_master
 WHERE type = 'table' AND NOT name = 'sqlite_sequence'
[0m
  [4;35;1mSQL (1.0ms)[0m   [0mSELECT version FROM schema_migrations[0m
  [4;36;1mSQL (2.0ms)[0m   [0;1m SELECT name
 FROM sqlite_master
 WHERE type = 'table' AND NOT name = 'sqlite_sequence'
[0m
  [4;35;1mSQL (0.0ms)[0m   [0mPRAGMA index_list("days")[0m
  [4;36;1mSQL (0.0ms)[0m   [0;1mPRAGMA index_list("dtemplates")[0m
  [4;35;1mSQL (0.0ms)[0m   [0mPRAGMA index_list("slots")[0m
  [4;36;1mSQL (0.0ms)[0m   [0;1mPRAGMA index_list("stemplates")[0m
  [4;35;1mSQL (0.0ms)[0m   [0mPRAGMA index_list("users")[0m
  [4;36;1mSQL (0.0ms)[0m   [0;1mPRAGMA index_list("weeks")[0m
  [4;35;1mSQL (1.0ms)[0m   [0mPRAGMA index_list("wtemplates")[0m
  [4;36;1mSQL (5.0ms)[0m   [0;1m SELECT name
 FROM sqlite_master
 WHERE type = 'table' AND NOT name = 'sqlite_sequence'
[0m
  [4;35;1mSQL (1.0ms)[0m   [0mSELECT version FROM schema_migrations[0m
Migrating to CreateWeeks (20100121205136)
Migrating to CreateDays (20100121205349)
Migrating to CreateSlots (20100121205423)
Migrating to CreateUsers (20100121214501)
Migrating to AddInitializedToWeek (20100216172358)
Migrating to AddEditedToDays (20100315183557)
Migrating to CreateWtemplates (20100317185023)
Migrating to CreateDtemplates (20100317185035)
Migrating to CreateStemplates (20100317191442)
Migrating to CreateArcSlots (20100330204242)
  [4;36;1mSQL (0.0ms)[0m   [0;1mselect sqlite_version(*)[0m
  [4;35;1mSQL (4.0ms)[0m   [0mCREATE TABLE "arc_slots" ("id" INTEGER PRIMARY KEY AUTOINCREMENT NOT NULL, "day_id" integer, "start_time" integer, "user_id" integer, "spot" varchar(255), "created_at" datetime, "updated_at" datetime) [0m
  [4;36;1mSQL (1.0ms)[0m   [0;1mINSERT INTO schema_migrations (version) VALUES ('20100330204242')[0m
  [4;35;1mSQL (2.0ms)[0m   [0m SELECT name
 FROM sqlite_master
 WHERE type = 'table' AND NOT name = 'sqlite_sequence'
[0m
  [4;36;1mSQL (1.0ms)[0m   [0;1mSELECT version FROM schema_migrations[0m
  [4;35;1mSQL (2.0ms)[0m   [0m SELECT name
 FROM sqlite_master
 WHERE type = 'table' AND NOT name = 'sqlite_sequence'
[0m
  [4;36;1mSQL (0.0ms)[0m   [0;1mPRAGMA index_list("arc_slots")[0m
  [4;35;1mSQL (0.0ms)[0m   [0mPRAGMA index_list("days")[0m
  [4;36;1mSQL (0.0ms)[0m   [0;1mPRAGMA index_list("dtemplates")[0m
  [4;35;1mSQL (0.0ms)[0m   [0mPRAGMA index_list("slots")[0m
  [4;36;1mSQL (0.0ms)[0m   [0;1mPRAGMA index_list("stemplates")[0m
  [4;35;1mSQL (0.0ms)[0m   [0mPRAGMA index_list("users")[0m
  [4;36;1mSQL (0.0ms)[0m   [0;1mPRAGMA index_list("weeks")[0m
  [4;35;1mSQL (0.0ms)[0m   [0mPRAGMA index_list("wtemplates")[0m
  [4;36;1mSQL (1.0ms)[0m   [0;1m SELECT name
 FROM sqlite_master
 WHERE type = 'table' AND NOT name = 'sqlite_sequence'
[0m
  [4;35;1mSQL (1.0ms)[0m   [0mselect sqlite_version(*)[0m
  [4;36;1mSQL (17.0ms)[0m   [0;1mCREATE TABLE "schema_migrations" ("version" varchar(255) NOT NULL) [0m
  [4;35;1mSQL (16.0ms)[0m   [0mCREATE UNIQUE INDEX "unique_schema_migrations" ON "schema_migrations" ("version")[0m
  [4;36;1mSQL (1.0ms)[0m   [0;1m SELECT name
 FROM sqlite_master
 WHERE type = 'table' AND NOT name = 'sqlite_sequence'
[0m
  [4;35;1mSQL (1.0ms)[0m   [0mSELECT version FROM schema_migrations[0m
Migrating to CreateWeeks (20100121205136)
  [4;36;1mSQL (6.0ms)[0m   [0;1mCREATE TABLE "weeks" ("id" INTEGER PRIMARY KEY AUTOINCREMENT NOT NULL, "woy" integer, "year" integer, "start_date" date, "init" boolean, "created_at" datetime, "updated_at" datetime) [0m
  [4;35;1mSQL (1.0ms)[0m   [0mINSERT INTO schema_migrations (version) VALUES ('20100121205136')[0m
Migrating to CreateDays (20100121205349)
  [4;36;1mSQL (2.0ms)[0m   [0;1mCREATE TABLE "days" ("id" INTEGER PRIMARY KEY AUTOINCREMENT NOT NULL, "date" date, "name" varchar(255), "week_id" integer, "created_at" datetime, "updated_at" datetime) [0m
  [4;35;1mSQL (1.0ms)[0m   [0mINSERT INTO schema_migrations (version) VALUES ('20100121205349')[0m
Migrating to CreateSlots (20100121205423)
  [4;36;1mSQL (3.0ms)[0m   [0;1mCREATE TABLE "slots" ("id" INTEGER PRIMARY KEY AUTOINCREMENT NOT NULL, "day_id" integer, "start_time" integer, "user_id" integer, "spot" varchar(255), "created_at" datetime, "updated_at" datetime) [0m
  [4;35;1mSQL (1.0ms)[0m   [0mINSERT INTO schema_migrations (version) VALUES ('20100121205423')[0m
Migrating to CreateUsers (20100121214501)
  [4;36;1mSQL (1.0ms)[0m   [0;1m SELECT name
 FROM sqlite_master
 WHERE type = 'table' AND NOT name = 'sqlite_sequence'
[0m
  [4;35;1mSQL (3.0ms)[0m   [0mCREATE TABLE "users" ("id" INTEGER PRIMARY KEY AUTOINCREMENT NOT NULL, "login" varchar(255), "email" varchar(255), "crypted_password" varchar(40), "salt" varchar(40), "created_at" datetime, "updated_at" datetime, "remember_token" varchar(255), "remember_token_expires_at" datetime) [0m
  [4;36;1mSQL (2.0ms)[0m   [0;1mINSERT INTO schema_migrations (version) VALUES ('20100121214501')[0m
Migrating to AddInitializedToWeek (20100216172358)
  [4;35;1mSQL (3.0ms)[0m   [0mINSERT INTO schema_migrations (version) VALUES ('20100216172358')[0m
Migrating to AddEditedToDays (20100315183557)
  [4;36;1mSQL (4.0ms)[0m   [0;1mALTER TABLE "days" ADD "being_edited" datetime[0m
  [4;35;1mSQL (1.0ms)[0m   [0mINSERT INTO schema_migrations (version) VALUES ('20100315183557')[0m
Migrating to CreateWtemplates (20100317185023)
  [4;36;1mSQL (3.0ms)[0m   [0;1mCREATE TABLE "wtemplates" ("id" INTEGER PRIMARY KEY AUTOINCREMENT NOT NULL, "name" varchar(255), "created_at" datetime, "updated_at" datetime, "sat" integer, "sun" integer, "mon" integer, "tue" integer, "wed" integer, "thu" integer, "fri" integer) [0m
  [4;35;1mSQL (1.0ms)[0m   [0mINSERT INTO schema_migrations (version) VALUES ('20100317185023')[0m
Migrating to CreateDtemplates (20100317185035)
  [4;36;1mSQL (3.0ms)[0m   [0;1mCREATE TABLE "dtemplates" ("id" INTEGER PRIMARY KEY AUTOINCREMENT NOT NULL, "name" varchar(255), "created_at" datetime, "updated_at" datetime) [0m
  [4;35;1mSQL (18.0ms)[0m   [0mINSERT INTO schema_migrations (version) VALUES ('20100317185035')[0m
Migrating to CreateStemplates (20100317191442)
  [4;36;1mSQL (13.0ms)[0m   [0;1mCREATE TABLE "stemplates" ("id" INTEGER PRIMARY KEY AUTOINCREMENT NOT NULL, "dtemplate_id" integer, "start_time" integer, "user_id" integer, "spot" varchar(255), "created_at" datetime, "updated_at" datetime) [0m
  [4;35;1mSQL (1.0ms)[0m   [0mINSERT INTO schema_migrations (version) VALUES ('20100317191442')[0m
Migrating to CreateArcSlots (20100330204242)
  [4;36;1mSQL (3.0ms)[0m   [0;1mCREATE TABLE "arc_slots" ("id" INTEGER PRIMARY KEY AUTOINCREMENT NOT NULL, "day_id" integer, "start_time" integer, "user_id" integer, "spot" varchar(255), "created_at" datetime, "updated_at" datetime) [0m
  [4;35;1mSQL (5.0ms)[0m   [0mINSERT INTO schema_migrations (version) VALUES ('20100330204242')[0m
  [4;36;1mSQL (2.0ms)[0m   [0;1m SELECT name
 FROM sqlite_master
 WHERE type = 'table' AND NOT name = 'sqlite_sequence'
[0m
  [4;35;1mSQL (1.0ms)[0m   [0mSELECT version FROM schema_migrations[0m
  [4;36;1mSQL (1.0ms)[0m   [0;1m SELECT name
 FROM sqlite_master
 WHERE type = 'table' AND NOT name = 'sqlite_sequence'
[0m
  [4;35;1mSQL (0.0ms)[0m   [0mPRAGMA index_list("arc_slots")[0m
  [4;36;1mSQL (0.0ms)[0m   [0;1mPRAGMA index_list("days")[0m
  [4;35;1mSQL (0.0ms)[0m   [0mPRAGMA index_list("dtemplates")[0m
  [4;36;1mSQL (1.0ms)[0m   [0;1mPRAGMA index_list("slots")[0m
  [4;35;1mSQL (0.0ms)[0m   [0mPRAGMA index_list("stemplates")[0m
  [4;36;1mSQL (0.0ms)[0m   [0;1mPRAGMA index_list("users")[0m
  [4;35;1mSQL (0.0ms)[0m   [0mPRAGMA index_list("weeks")[0m
  [4;36;1mSQL (0.0ms)[0m   [0;1mPRAGMA index_list("wtemplates")[0m
  [4;36;1mSQL (2.0ms)[0m   [0;1m SELECT name
 FROM sqlite_master
 WHERE type = 'table' AND NOT name = 'sqlite_sequence'
[0m
  [4;35;1mSQL (1.0ms)[0m   [0mselect sqlite_version(*)[0m
  [4;36;1mSQL (19.0ms)[0m   [0;1mCREATE TABLE "schema_migrations" ("version" varchar(255) NOT NULL) [0m
  [4;35;1mSQL (20.0ms)[0m   [0mCREATE UNIQUE INDEX "unique_schema_migrations" ON "schema_migrations" ("version")[0m
  [4;36;1mSQL (1.0ms)[0m   [0;1m SELECT name
 FROM sqlite_master
 WHERE type = 'table' AND NOT name = 'sqlite_sequence'
[0m
  [4;35;1mSQL (1.0ms)[0m   [0mSELECT version FROM schema_migrations[0m
Migrating to CreateWeeks (20100121205136)
  [4;36;1mSQL (7.0ms)[0m   [0;1mCREATE TABLE "weeks" ("id" INTEGER PRIMARY KEY AUTOINCREMENT NOT NULL, "woy" integer, "year" integer, "start_date" date, "init" boolean, "created_at" datetime, "updated_at" datetime) [0m
  [4;35;1mSQL (1.0ms)[0m   [0mINSERT INTO schema_migrations (version) VALUES ('20100121205136')[0m
Migrating to CreateDays (20100121205349)
  [4;36;1mSQL (4.0ms)[0m   [0;1mCREATE TABLE "days" ("id" INTEGER PRIMARY KEY AUTOINCREMENT NOT NULL, "date" date, "name" varchar(255), "week_id" integer, "created_at" datetime, "updated_at" datetime) [0m
  [4;35;1mSQL (2.0ms)[0m   [0mINSERT INTO schema_migrations (version) VALUES ('20100121205349')[0m
Migrating to CreateSlots (20100121205423)
  [4;36;1mSQL (6.0ms)[0m   [0;1mCREATE TABLE "slots" ("id" INTEGER PRIMARY KEY AUTOINCREMENT NOT NULL, "day_id" integer, "start_time" integer, "user_id" integer, "spot" varchar(255), "created_at" datetime, "updated_at" datetime) [0m
  [4;35;1mSQL (1.0ms)[0m   [0mINSERT INTO schema_migrations (version) VALUES ('20100121205423')[0m
Migrating to CreateUsers (20100121214501)
  [4;36;1mSQL (1.0ms)[0m   [0;1m SELECT name
 FROM sqlite_master
 WHERE type = 'table' AND NOT name = 'sqlite_sequence'
[0m
  [4;35;1mSQL (3.0ms)[0m   [0mCREATE TABLE "users" ("id" INTEGER PRIMARY KEY AUTOINCREMENT NOT NULL, "login" varchar(255), "email" varchar(255), "crypted_password" varchar(40), "salt" varchar(40), "created_at" datetime, "updated_at" datetime, "remember_token" varchar(255), "remember_token_expires_at" datetime) [0m
  [4;36;1mSQL (2.0ms)[0m   [0;1mINSERT INTO schema_migrations (version) VALUES ('20100121214501')[0m
Migrating to AddInitializedToWeek (20100216172358)
  [4;35;1mSQL (4.0ms)[0m   [0mINSERT INTO schema_migrations (version) VALUES ('20100216172358')[0m
Migrating to AddEditedToDays (20100315183557)
  [4;36;1mSQL (4.0ms)[0m   [0;1mALTER TABLE "days" ADD "being_edited" datetime[0m
  [4;35;1mSQL (2.0ms)[0m   [0mINSERT INTO schema_migrations (version) VALUES ('20100315183557')[0m
Migrating to CreateWtemplates (20100317185023)
  [4;36;1mSQL (3.0ms)[0m   [0;1mCREATE TABLE "wtemplates" ("id" INTEGER PRIMARY KEY AUTOINCREMENT NOT NULL, "name" varchar(255), "created_at" datetime, "updated_at" datetime, "sat" integer, "sun" integer, "mon" integer, "tue" integer, "wed" integer, "thu" integer, "fri" integer) [0m
  [4;35;1mSQL (2.0ms)[0m   [0mINSERT INTO schema_migrations (version) VALUES ('20100317185023')[0m
Migrating to CreateDtemplates (20100317185035)
  [4;36;1mSQL (5.0ms)[0m   [0;1mCREATE TABLE "dtemplates" ("id" INTEGER PRIMARY KEY AUTOINCREMENT NOT NULL, "name" varchar(255), "created_at" datetime, "updated_at" datetime) [0m
  [4;35;1mSQL (2.0ms)[0m   [0mINSERT INTO schema_migrations (version) VALUES ('20100317185035')[0m
Migrating to CreateStemplates (20100317191442)
  [4;36;1mSQL (4.0ms)[0m   [0;1mCREATE TABLE "stemplates" ("id" INTEGER PRIMARY KEY AUTOINCREMENT NOT NULL, "dtemplate_id" integer, "start_time" integer, "user_id" integer, "spot" varchar(255), "created_at" datetime, "updated_at" datetime) [0m
  [4;35;1mSQL (1.0ms)[0m   [0mINSERT INTO schema_migrations (version) VALUES ('20100317191442')[0m
Migrating to CreateArcSlots (20100330204242)
  [4;36;1mSQL (6.0ms)[0m   [0;1mCREATE TABLE "arc_slots" ("id" INTEGER PRIMARY KEY AUTOINCREMENT NOT NULL, "day_id" integer, "start_time" integer, "user_id" integer, "spot" varchar(255), "created_at" datetime, "updated_at" datetime) [0m
  [4;35;1mSQL (2.0ms)[0m   [0mINSERT INTO schema_migrations (version) VALUES ('20100330204242')[0m
  [4;36;1mSQL (3.0ms)[0m   [0;1m SELECT name
 FROM sqlite_master
 WHERE type = 'table' AND NOT name = 'sqlite_sequence'
[0m
  [4;35;1mSQL (1.0ms)[0m   [0mSELECT version FROM schema_migrations[0m
  [4;36;1mSQL (3.0ms)[0m   [0;1m SELECT name
 FROM sqlite_master
 WHERE type = 'table' AND NOT name = 'sqlite_sequence'
[0m
  [4;35;1mSQL (0.0ms)[0m   [0mPRAGMA index_list("arc_slots")[0m
  [4;36;1mSQL (0.0ms)[0m   [0;1mPRAGMA index_list("days")[0m
  [4;35;1mSQL (0.0ms)[0m   [0mPRAGMA index_list("dtemplates")[0m
  [4;36;1mSQL (0.0ms)[0m   [0;1mPRAGMA index_list("slots")[0m
  [4;35;1mSQL (0.0ms)[0m   [0mPRAGMA index_list("stemplates")[0m
  [4;36;1mSQL (0.0ms)[0m   [0;1mPRAGMA index_list("users")[0m
  [4;35;1mSQL (0.0ms)[0m   [0mPRAGMA index_list("weeks")[0m
  [4;36;1mSQL (0.0ms)[0m   [0;1mPRAGMA index_list("wtemplates")[0m
  [4;36;1mSQL (1.0ms)[0m   [0;1m SELECT name
 FROM sqlite_master
 WHERE type = 'table' AND NOT name = 'sqlite_sequence'
[0m
  [4;35;1mSQL (0.0ms)[0m   [0mselect sqlite_version(*)[0m
  [4;36;1mSQL (18.0ms)[0m   [0;1mCREATE TABLE "schema_migrations" ("version" varchar(255) NOT NULL) [0m
  [4;35;1mSQL (17.0ms)[0m   [0mCREATE UNIQUE INDEX "unique_schema_migrations" ON "schema_migrations" ("version")[0m
  [4;36;1mSQL (1.0ms)[0m   [0;1m SELECT name
 FROM sqlite_master
 WHERE type = 'table' AND NOT name = 'sqlite_sequence'
[0m
  [4;35;1mSQL (1.0ms)[0m   [0mSELECT version FROM schema_migrations[0m
Migrating to CreateWeeks (20100121205136)
  [4;36;1mSQL (4.0ms)[0m   [0;1mCREATE TABLE "weeks" ("id" INTEGER PRIMARY KEY AUTOINCREMENT NOT NULL, "woy" integer, "year" integer, "start_date" date, "init" boolean, "created_at" datetime, "updated_at" datetime) [0m
  [4;35;1mSQL (1.0ms)[0m   [0mINSERT INTO schema_migrations (version) VALUES ('20100121205136')[0m
Migrating to CreateDays (20100121205349)
  [4;36;1mSQL (4.0ms)[0m   [0;1mCREATE TABLE "days" ("id" INTEGER PRIMARY KEY AUTOINCREMENT NOT NULL, "date" date, "name" varchar(255), "week_id" integer, "created_at" datetime, "updated_at" datetime) [0m
  [4;35;1mSQL (2.0ms)[0m   [0mINSERT INTO schema_migrations (version) VALUES ('20100121205349')[0m
Migrating to CreateSlots (20100121205423)
  [4;36;1mSQL (3.0ms)[0m   [0;1mCREATE TABLE "slots" ("id" INTEGER PRIMARY KEY AUTOINCREMENT NOT NULL, "day_id" integer, "start_time" integer, "user_id" integer, "spot" varchar(255), "created_at" datetime, "updated_at" datetime) [0m
  [4;35;1mSQL (1.0ms)[0m   [0mINSERT INTO schema_migrations (version) VALUES ('20100121205423')[0m
Migrating to CreateUsers (20100121214501)
  [4;36;1mSQL (1.0ms)[0m   [0;1m SELECT name
 FROM sqlite_master
 WHERE type = 'table' AND NOT name = 'sqlite_sequence'
[0m
  [4;35;1mSQL (3.0ms)[0m   [0mCREATE TABLE "users" ("id" INTEGER PRIMARY KEY AUTOINCREMENT NOT NULL, "login" varchar(255), "email" varchar(255), "crypted_password" varchar(40), "salt" varchar(40), "created_at" datetime, "updated_at" datetime, "remember_token" varchar(255), "remember_token_expires_at" datetime) [0m
  [4;36;1mSQL (2.0ms)[0m   [0;1mINSERT INTO schema_migrations (version) VALUES ('20100121214501')[0m
Migrating to AddInitializedToWeek (20100216172358)
  [4;35;1mSQL (3.0ms)[0m   [0mINSERT INTO schema_migrations (version) VALUES ('20100216172358')[0m
Migrating to AddEditedToDays (20100315183557)
  [4;36;1mSQL (3.0ms)[0m   [0;1mALTER TABLE "days" ADD "being_edited" datetime[0m
  [4;35;1mSQL (1.0ms)[0m   [0mINSERT INTO schema_migrations (version) VALUES ('20100315183557')[0m
Migrating to CreateWtemplates (20100317185023)
  [4;36;1mSQL (4.0ms)[0m   [0;1mCREATE TABLE "wtemplates" ("id" INTEGER PRIMARY KEY AUTOINCREMENT NOT NULL, "name" varchar(255), "created_at" datetime, "updated_at" datetime, "sat" integer, "sun" integer, "mon" integer, "tue" integer, "wed" integer, "thu" integer, "fri" integer) [0m
  [4;35;1mSQL (2.0ms)[0m   [0mINSERT INTO schema_migrations (version) VALUES ('20100317185023')[0m
Migrating to CreateDtemplates (20100317185035)
  [4;36;1mSQL (3.0ms)[0m   [0;1mCREATE TABLE "dtemplates" ("id" INTEGER PRIMARY KEY AUTOINCREMENT NOT NULL, "name" varchar(255), "created_at" datetime, "updated_at" datetime) [0m
  [4;35;1mSQL (1.0ms)[0m   [0mINSERT INTO schema_migrations (version) VALUES ('20100317185035')[0m
Migrating to CreateStemplates (20100317191442)
  [4;36;1mSQL (4.0ms)[0m   [0;1mCREATE TABLE "stemplates" ("id" INTEGER PRIMARY KEY AUTOINCREMENT NOT NULL, "dtemplate_id" integer, "start_time" integer, "user_id" integer, "spot" varchar(255), "created_at" datetime, "updated_at" datetime) [0m
  [4;35;1mSQL (0.0ms)[0m   [0mINSERT INTO schema_migrations (version) VALUES ('20100317191442')[0m
Migrating to CreateArcSlots (20100330204242)
  [4;36;1mSQL (3.0ms)[0m   [0;1mCREATE TABLE "arc_slots" ("id" INTEGER PRIMARY KEY AUTOINCREMENT NOT NULL, "day_id" integer, "start_time" integer, "user_id" integer, "spot" varchar(255), "created_at" datetime, "updated_at" datetime) [0m
  [4;35;1mSQL (2.0ms)[0m   [0mINSERT INTO schema_migrations (version) VALUES ('20100330204242')[0m
  [4;36;1mSQL (2.0ms)[0m   [0;1m SELECT name
 FROM sqlite_master
 WHERE type = 'table' AND NOT name = 'sqlite_sequence'
[0m
  [4;35;1mSQL (5.0ms)[0m   [0mSELECT version FROM schema_migrations[0m
  [4;36;1mSQL (4.0ms)[0m   [0;1m SELECT name
 FROM sqlite_master
 WHERE type = 'table' AND NOT name = 'sqlite_sequence'
[0m
  [4;35;1mSQL (0.0ms)[0m   [0mPRAGMA index_list("arc_slots")[0m
  [4;36;1mSQL (1.0ms)[0m   [0;1mPRAGMA index_list("days")[0m
  [4;35;1mSQL (1.0ms)[0m   [0mPRAGMA index_list("dtemplates")[0m
  [4;36;1mSQL (0.0ms)[0m   [0;1mPRAGMA index_list("slots")[0m
  [4;35;1mSQL (0.0ms)[0m   [0mPRAGMA index_list("stemplates")[0m
  [4;36;1mSQL (0.0ms)[0m   [0;1mPRAGMA index_list("users")[0m
  [4;35;1mSQL (0.0ms)[0m   [0mPRAGMA index_list("weeks")[0m
  [4;36;1mSQL (0.0ms)[0m   [0;1mPRAGMA index_list("wtemplates")[0m
