  [4;36;1mSQL (8.0ms)[0m   [0;1m SELECT name
 FROM sqlite_master
 WHERE type = 'table' AND NOT name = 'sqlite_sequence'
[0m
  [4;35;1mSQL (3.0ms)[0m   [0mSELECT version FROM schema_migrations[0m
Migrating to CreateWeeks (20100121205136)
Migrating to CreateDays (20100121205349)
Migrating to CreateSlots (20100121205423)
Migrating to CreateUsers (20100121214501)
Migrating to AddInitializedToWeek (20100216172358)
Migrating to AddEditedToDays (20100315183557)
Migrating to CreateWtemplates (20100317185023)
Migrating to CreateDtemplates (20100317185035)
Migrating to CreateStemplates (20100317191442)
Migrating to CreateArcSlots (20100330204242)
Migrating to CreateJoomlas (20100413162735)
  [4;36;1mSQL (0.0ms)[0m   [0;1mselect sqlite_version(*)[0m
  [4;35;1mSQL (6.0ms)[0m   [0mCREATE TABLE "joomlas" ("id" INTEGER PRIMARY KEY AUTOINCREMENT NOT NULL, "info" varchar(255), "created_at" datetime, "updated_at" datetime) [0m
  [4;36;1mSQL (3.0ms)[0m   [0;1mINSERT INTO schema_migrations (version) VALUES ('20100413162735')[0m
  [4;35;1mSQL (2.0ms)[0m   [0m SELECT name
 FROM sqlite_master
 WHERE type = 'table' AND NOT name = 'sqlite_sequence'
[0m
  [4;36;1mSQL (2.0ms)[0m   [0;1mSELECT version FROM schema_migrations[0m
  [4;35;1mSQL (2.0ms)[0m   [0m SELECT name
 FROM sqlite_master
 WHERE type = 'table' AND NOT name = 'sqlite_sequence'
[0m
  [4;36;1mSQL (0.0ms)[0m   [0;1mPRAGMA index_list("arc_slots")[0m
  [4;35;1mSQL (0.0ms)[0m   [0mPRAGMA index_list("days")[0m
  [4;36;1mSQL (0.0ms)[0m   [0;1mPRAGMA index_list("dtemplates")[0m
  [4;35;1mSQL (0.0ms)[0m   [0mPRAGMA index_list("joomlas")[0m
  [4;36;1mSQL (1.0ms)[0m   [0;1mPRAGMA index_list("slots")[0m
  [4;35;1mSQL (0.0ms)[0m   [0mPRAGMA index_list("stemplates")[0m
  [4;36;1mSQL (0.0ms)[0m   [0;1mPRAGMA index_list("users")[0m
  [4;35;1mSQL (0.0ms)[0m   [0mPRAGMA index_list("weeks")[0m
  [4;36;1mSQL (0.0ms)[0m   [0;1mPRAGMA index_list("wtemplates")[0m
  [4;36;1mSQL (8.0ms)[0m   [0;1m SELECT name
 FROM sqlite_master
 WHERE type = 'table' AND NOT name = 'sqlite_sequence'
[0m
  [4;35;1mSQL (2.0ms)[0m   [0mSELECT version FROM schema_migrations[0m
  [4;36;1mSQL (21.0ms)[0m   [0;1mDROP TABLE "arc_slots"[0m
  [4;35;1mSQL (22.0ms)[0m   [0mDELETE FROM schema_migrations WHERE version = '20100330204242'[0m
  [4;36;1mSQL (0.0ms)[0m   [0;1mselect sqlite_version(*)[0m
  [4;35;1mSQL (3.0ms)[0m   [0m SELECT name
 FROM sqlite_master
 WHERE type = 'table' AND NOT name = 'sqlite_sequence'
[0m
  [4;36;1mSQL (2.0ms)[0m   [0;1mSELECT version FROM schema_migrations[0m
  [4;35;1mSQL (0.0ms)[0m   [0m SELECT name
 FROM sqlite_master
 WHERE type = 'table' AND NOT name = 'sqlite_sequence'
[0m
  [4;36;1mSQL (0.0ms)[0m   [0;1mPRAGMA index_list("days")[0m
  [4;35;1mSQL (0.0ms)[0m   [0mPRAGMA index_list("dtemplates")[0m
  [4;36;1mSQL (0.0ms)[0m   [0;1mPRAGMA index_list("joomlas")[0m
  [4;35;1mSQL (0.0ms)[0m   [0mPRAGMA index_list("slots")[0m
  [4;36;1mSQL (0.0ms)[0m   [0;1mPRAGMA index_list("stemplates")[0m
  [4;35;1mSQL (0.0ms)[0m   [0mPRAGMA index_list("users")[0m
  [4;36;1mSQL (0.0ms)[0m   [0;1mPRAGMA index_list("weeks")[0m
  [4;35;1mSQL (0.0ms)[0m   [0mPRAGMA index_list("wtemplates")[0m
  [4;36;1mSQL (13.0ms)[0m   [0;1m SELECT name
 FROM sqlite_master
 WHERE type = 'table' AND NOT name = 'sqlite_sequence'
[0m
  [4;35;1mSQL (0.0ms)[0m   [0mSELECT version FROM schema_migrations[0m
  [4;36;1mSQL (0.0ms)[0m   [0;1mselect sqlite_version(*)[0m
  [4;35;1mSQL (28.0ms)[0m   [0mCREATE TABLE "arc_slots" ("id" INTEGER PRIMARY KEY AUTOINCREMENT NOT NULL, "day_id" integer, "start_time" integer, "user_id" integer, "spot" varchar(255), "created_at" datetime, "updated_at" datetime) [0m
  [4;36;1mSQL (30.0ms)[0m   [0;1mINSERT INTO schema_migrations (version) VALUES ('20100330204242')[0m
  [4;35;1mSQL (0.0ms)[0m   [0m SELECT name
 FROM sqlite_master
 WHERE type = 'table' AND NOT name = 'sqlite_sequence'
[0m
  [4;36;1mSQL (2.0ms)[0m   [0;1mSELECT version FROM schema_migrations[0m
  [4;35;1mSQL (3.0ms)[0m   [0m SELECT name
 FROM sqlite_master
 WHERE type = 'table' AND NOT name = 'sqlite_sequence'
[0m
  [4;36;1mSQL (0.0ms)[0m   [0;1mPRAGMA index_list("arc_slots")[0m
  [4;35;1mSQL (0.0ms)[0m   [0mPRAGMA index_list("days")[0m
  [4;36;1mSQL (0.0ms)[0m   [0;1mPRAGMA index_list("dtemplates")[0m
  [4;35;1mSQL (0.0ms)[0m   [0mPRAGMA index_list("joomlas")[0m
  [4;36;1mSQL (0.0ms)[0m   [0;1mPRAGMA index_list("slots")[0m
  [4;35;1mSQL (0.0ms)[0m   [0mPRAGMA index_list("stemplates")[0m
  [4;36;1mSQL (0.0ms)[0m   [0;1mPRAGMA index_list("users")[0m
  [4;35;1mSQL (0.0ms)[0m   [0mPRAGMA index_list("weeks")[0m
  [4;36;1mSQL (0.0ms)[0m   [0;1mPRAGMA index_list("wtemplates")[0m
  [4;36;1mSQL (8.0ms)[0m   [0;1m SELECT name
 FROM sqlite_master
 WHERE type = 'table' AND NOT name = 'sqlite_sequence'
[0m
  [4;35;1mSQL (3.0ms)[0m   [0mSELECT version FROM schema_migrations[0m
  [4;36;1mSQL (167.0ms)[0m   [0;1mDROP TABLE "joomlas"[0m
  [4;35;1mSQL (65.0ms)[0m   [0mDELETE FROM schema_migrations WHERE version = '20100413162735'[0m
  [4;36;1mSQL (0.0ms)[0m   [0;1mselect sqlite_version(*)[0m
  [4;35;1mSQL (2.0ms)[0m   [0m SELECT name
 FROM sqlite_master
 WHERE type = 'table' AND NOT name = 'sqlite_sequence'
[0m
  [4;36;1mSQL (0.0ms)[0m   [0;1mSELECT version FROM schema_migrations[0m
  [4;35;1mSQL (3.0ms)[0m   [0m SELECT name
 FROM sqlite_master
 WHERE type = 'table' AND NOT name = 'sqlite_sequence'
[0m
  [4;36;1mSQL (0.0ms)[0m   [0;1mPRAGMA index_list("arc_slots")[0m
  [4;35;1mSQL (0.0ms)[0m   [0mPRAGMA index_list("days")[0m
  [4;36;1mSQL (0.0ms)[0m   [0;1mPRAGMA index_list("dtemplates")[0m
  [4;35;1mSQL (0.0ms)[0m   [0mPRAGMA index_list("slots")[0m
  [4;36;1mSQL (0.0ms)[0m   [0;1mPRAGMA index_list("stemplates")[0m
  [4;35;1mSQL (0.0ms)[0m   [0mPRAGMA index_list("users")[0m
  [4;36;1mSQL (0.0ms)[0m   [0;1mPRAGMA index_list("weeks")[0m
  [4;35;1mSQL (0.0ms)[0m   [0mPRAGMA index_list("wtemplates")[0m
/!\ FAILSAFE /!\  Sun May 16 19:17:07 -0400 2010
  Status: 500 Internal Server Error
  unknown error
    C:/Languages/Ruby/lib/ruby/1.8/dl/import.rb:29:in `initialize'
    C:/Languages/Ruby/lib/ruby/1.8/dl/import.rb:29:in `dlopen'
    C:/Languages/Ruby/lib/ruby/1.8/dl/import.rb:29:in `dlload'
    C:/Languages/Ruby/lib/ruby/1.8/dl/import.rb:27:in `each'
    C:/Languages/Ruby/lib/ruby/1.8/dl/import.rb:27:in `dlload'
    C:/Languages/Ruby/lib/ruby/gems/1.8/gems/sqlite3-ruby-1.2.5-x86-mswin32/lib/sqlite3/driver/dl/api.rb:31
    C:/Languages/Ruby/lib/ruby/site_ruby/1.8/rubygems/custom_require.rb:31:in `gem_original_require'
    C:/Languages/Ruby/lib/ruby/site_ruby/1.8/rubygems/custom_require.rb:31:in `require'
    C:/Languages/Ruby/lib/ruby/gems/1.8/gems/activesupport-2.3.4/lib/active_support/dependencies.rb:156:in `require'
    C:/Languages/Ruby/lib/ruby/gems/1.8/gems/activesupport-2.3.4/lib/active_support/dependencies.rb:521:in `new_constants_in'
    C:/Languages/Ruby/lib/ruby/gems/1.8/gems/activesupport-2.3.4/lib/active_support/dependencies.rb:156:in `require'
    C:/Languages/Ruby/lib/ruby/gems/1.8/gems/sqlite3-ruby-1.2.5-x86-mswin32/lib/sqlite3/driver/dl/driver.rb:1
    C:/Languages/Ruby/lib/ruby/site_ruby/1.8/rubygems/custom_require.rb:31:in `gem_original_require'
    C:/Languages/Ruby/lib/ruby/site_ruby/1.8/rubygems/custom_require.rb:31:in `require'
    C:/Languages/Ruby/lib/ruby/gems/1.8/gems/activesupport-2.3.4/lib/active_support/dependencies.rb:156:in `require'
    C:/Languages/Ruby/lib/ruby/gems/1.8/gems/activesupport-2.3.4/lib/active_support/dependencies.rb:521:in `new_constants_in'
    C:/Languages/Ruby/lib/ruby/gems/1.8/gems/activesupport-2.3.4/lib/active_support/dependencies.rb:156:in `require'
    C:/Languages/Ruby/lib/ruby/gems/1.8/gems/sqlite3-ruby-1.2.5-x86-mswin32/lib/sqlite3/database.rb:619:in `load_driver'
    C:/Languages/Ruby/lib/ruby/gems/1.8/gems/sqlite3-ruby-1.2.5-x86-mswin32/lib/sqlite3/database.rb:617:in `each'
    C:/Languages/Ruby/lib/ruby/gems/1.8/gems/sqlite3-ruby-1.2.5-x86-mswin32/lib/sqlite3/database.rb:617:in `load_driver'
    C:/Languages/Ruby/lib/ruby/gems/1.8/gems/sqlite3-ruby-1.2.5-x86-mswin32/lib/sqlite3/database.rb:72:in `initialize'
    C:/Languages/Ruby/lib/ruby/gems/1.8/gems/activerecord-2.3.4/lib/active_record/connection_adapters/sqlite3_adapter.rb:13:in `new'
    C:/Languages/Ruby/lib/ruby/gems/1.8/gems/activerecord-2.3.4/lib/active_record/connection_adapters/sqlite3_adapter.rb:13:in `sqlite3_connection'
    C:/Languages/Ruby/lib/ruby/gems/1.8/gems/activerecord-2.3.4/lib/active_record/connection_adapters/abstract/connection_pool.rb:223:in `send'
    C:/Languages/Ruby/lib/ruby/gems/1.8/gems/activerecord-2.3.4/lib/active_record/connection_adapters/abstract/connection_pool.rb:223:in `new_connection'
    C:/Languages/Ruby/lib/ruby/gems/1.8/gems/activerecord-2.3.4/lib/active_record/connection_adapters/abstract/connection_pool.rb:245:in `checkout_new_connection'
    C:/Languages/Ruby/lib/ruby/gems/1.8/gems/activerecord-2.3.4/lib/active_record/connection_adapters/abstract/connection_pool.rb:188:in `checkout'
    C:/Languages/Ruby/lib/ruby/gems/1.8/gems/activerecord-2.3.4/lib/active_record/connection_adapters/abstract/connection_pool.rb:184:in `loop'
    C:/Languages/Ruby/lib/ruby/gems/1.8/gems/activerecord-2.3.4/lib/active_record/connection_adapters/abstract/connection_pool.rb:184:in `checkout'
    C:/Languages/Ruby/lib/ruby/1.8/monitor.rb:242:in `synchronize'
    C:/Languages/Ruby/lib/ruby/gems/1.8/gems/activerecord-2.3.4/lib/active_record/connection_adapters/abstract/connection_pool.rb:183:in `checkout'
    C:/Languages/Ruby/lib/ruby/gems/1.8/gems/activerecord-2.3.4/lib/active_record/connection_adapters/abstract/connection_pool.rb:98:in `connection'
    C:/Languages/Ruby/lib/ruby/gems/1.8/gems/activerecord-2.3.4/lib/active_record/connection_adapters/abstract/connection_pool.rb:326:in `retrieve_connection'
    C:/Languages/Ruby/lib/ruby/gems/1.8/gems/activerecord-2.3.4/lib/active_record/connection_adapters/abstract/connection_specification.rb:123:in `retrieve_connection'
    C:/Languages/Ruby/lib/ruby/gems/1.8/gems/activerecord-2.3.4/lib/active_record/connection_adapters/abstract/connection_specification.rb:115:in `connection'
    C:/Languages/Ruby/lib/ruby/gems/1.8/gems/activerecord-2.3.4/lib/active_record/query_cache.rb:9:in `cache'
    C:/Languages/Ruby/lib/ruby/gems/1.8/gems/activerecord-2.3.4/lib/active_record/query_cache.rb:28:in `call'
    C:/Languages/Ruby/lib/ruby/gems/1.8/gems/activerecord-2.3.4/lib/active_record/connection_adapters/abstract/connection_pool.rb:361:in `call'
    C:/Languages/Ruby/lib/ruby/gems/1.8/gems/rack-1.0.1/lib/rack/head.rb:9:in `call'
    C:/Languages/Ruby/lib/ruby/gems/1.8/gems/rack-1.0.1/lib/rack/methodoverride.rb:24:in `call'
    C:/Languages/Ruby/lib/ruby/gems/1.8/gems/actionpack-2.3.4/lib/action_controller/params_parser.rb:15:in `call'
    C:/Languages/Ruby/lib/ruby/gems/1.8/gems/actionpack-2.3.4/lib/action_controller/session/cookie_store.rb:93:in `call'
    C:/Languages/Ruby/lib/ruby/gems/1.8/gems/actionpack-2.3.4/lib/action_controller/failsafe.rb:26:in `call'
    C:/Languages/Ruby/lib/ruby/gems/1.8/gems/rack-1.0.1/lib/rack/lock.rb:11:in `call'
    C:/Languages/Ruby/lib/ruby/gems/1.8/gems/rack-1.0.1/lib/rack/lock.rb:11:in `synchronize'
    C:/Languages/Ruby/lib/ruby/gems/1.8/gems/rack-1.0.1/lib/rack/lock.rb:11:in `call'
    C:/Languages/Ruby/lib/ruby/gems/1.8/gems/actionpack-2.3.4/lib/action_controller/dispatcher.rb:114:in `call'
    C:/Languages/Ruby/lib/ruby/gems/1.8/gems/actionpack-2.3.4/lib/action_controller/reloader.rb:34:in `run'
    C:/Languages/Ruby/lib/ruby/gems/1.8/gems/actionpack-2.3.4/lib/action_controller/dispatcher.rb:108:in `call'
    C:/Languages/Ruby/lib/ruby/gems/1.8/gems/rails-2.3.4/lib/rails/rack/static.rb:31:in `call'
    C:/Languages/Ruby/lib/ruby/gems/1.8/gems/rack-1.0.1/lib/rack/urlmap.rb:46:in `call'
    C:/Languages/Ruby/lib/ruby/gems/1.8/gems/rack-1.0.1/lib/rack/urlmap.rb:40:in `each'
    C:/Languages/Ruby/lib/ruby/gems/1.8/gems/rack-1.0.1/lib/rack/urlmap.rb:40:in `call'
    C:/Languages/Ruby/lib/ruby/gems/1.8/gems/rails-2.3.4/lib/rails/rack/log_tailer.rb:17:in `call'
    C:/Languages/Ruby/lib/ruby/gems/1.8/gems/rack-1.0.1/lib/rack/content_length.rb:13:in `call'
    C:/Languages/Ruby/lib/ruby/gems/1.8/gems/rack-1.0.1/lib/rack/chunked.rb:15:in `call'
    C:/Languages/Ruby/lib/ruby/gems/1.8/gems/rack-1.0.1/lib/rack/handler/mongrel.rb:64:in `process'
    C:/Languages/Ruby/lib/ruby/gems/1.8/gems/mongrel-1.1.5-x86-mswin32-60/lib/mongrel.rb:159:in `process_client'
    C:/Languages/Ruby/lib/ruby/gems/1.8/gems/mongrel-1.1.5-x86-mswin32-60/lib/mongrel.rb:158:in `each'
    C:/Languages/Ruby/lib/ruby/gems/1.8/gems/mongrel-1.1.5-x86-mswin32-60/lib/mongrel.rb:158:in `process_client'
    C:/Languages/Ruby/lib/ruby/gems/1.8/gems/mongrel-1.1.5-x86-mswin32-60/lib/mongrel.rb:285:in `run'
    C:/Languages/Ruby/lib/ruby/gems/1.8/gems/mongrel-1.1.5-x86-mswin32-60/lib/mongrel.rb:285:in `initialize'
    C:/Languages/Ruby/lib/ruby/gems/1.8/gems/mongrel-1.1.5-x86-mswin32-60/lib/mongrel.rb:285:in `new'
    C:/Languages/Ruby/lib/ruby/gems/1.8/gems/mongrel-1.1.5-x86-mswin32-60/lib/mongrel.rb:285:in `run'
    C:/Languages/Ruby/lib/ruby/gems/1.8/gems/mongrel-1.1.5-x86-mswin32-60/lib/mongrel.rb:268:in `initialize'
    C:/Languages/Ruby/lib/ruby/gems/1.8/gems/mongrel-1.1.5-x86-mswin32-60/lib/mongrel.rb:268:in `new'
    C:/Languages/Ruby/lib/ruby/gems/1.8/gems/mongrel-1.1.5-x86-mswin32-60/lib/mongrel.rb:268:in `run'
    C:/Languages/Ruby/lib/ruby/gems/1.8/gems/rack-1.0.1/lib/rack/handler/mongrel.rb:34:in `run'
    C:/Languages/Ruby/lib/ruby/gems/1.8/gems/rails-2.3.4/lib/commands/server.rb:111
    C:/Languages/Ruby/lib/ruby/site_ruby/1.8/rubygems/custom_require.rb:31:in `gem_original_require'
    C:/Languages/Ruby/lib/ruby/site_ruby/1.8/rubygems/custom_require.rb:31:in `require'
    C:\Workspace\Schedule\script\server:3
    -e:1:in `load'
    -e:1
